[debug] [2025-09-21T19:15:57.212Z] ----------------------------------------------------------------------
[debug] [2025-09-21T19:15:57.214Z] Command:       /usr/local/bin/node /usr/local/bin/firebase init hosting
[debug] [2025-09-21T19:15:57.214Z] CLI Version:   14.17.0
[debug] [2025-09-21T19:15:57.214Z] Platform:      darwin
[debug] [2025-09-21T19:15:57.214Z] Node Version:  v22.13.1
[debug] [2025-09-21T19:15:57.215Z] Time:          Mon Sep 22 2025 00:45:57 GMT+0530 (India Standard Time)
[debug] [2025-09-21T19:15:57.215Z] ----------------------------------------------------------------------
[debug] 
[debug] [2025-09-21T19:15:57.313Z] > command requires scopes: ["email","openid","https://www.googleapis.com/auth/cloudplatformprojects.readonly","https://www.googleapis.com/auth/firebase","https://www.googleapis.com/auth/cloud-platform"]
[debug] [2025-09-21T19:15:57.313Z] > authorizing via signed-in user (tokentrails1@gmail.com)
[info] 
     ######## #### ########  ######## ########     ###     ######  ########
     ##        ##  ##     ## ##       ##     ##  ##   ##  ##       ##
     ######    ##  ########  ######   ########  #########  ######  ######
     ##        ##  ##    ##  ##       ##     ## ##     ##       ## ##
     ##       #### ##     ## ######## ########  ##     ##  ######  ########

You're about to initialize a Firebase project in this directory:

  /Users/koushiksd/Desktop/My_Codes/Projects/google-v1

Before we get started, keep in mind:

  * You are initializing within an existing Firebase project directory

[info] 
=== Project Setup
[info] 
[info] First, let's associate this project directory with a Firebase project.
[info] You can create multiple project aliases by running firebase use --add, 
[info] but for now we'll just set up a default project.
[info] 
[info] i  If you want to create a project in a Google Cloud organization or folder, please use "firebase projects:create" instead, and return to this command when you've created the project. 
[debug] [2025-09-21T19:16:16.974Z] Checked if tokens are valid: true, expires at: 1758485389825
[debug] [2025-09-21T19:16:16.975Z] Checked if tokens are valid: true, expires at: 1758485389825
[debug] [2025-09-21T19:16:16.978Z] >>> [apiv2][query] POST https://firebase.googleapis.com/v1/projects:checkProjectId [none]
[debug] [2025-09-21T19:16:16.978Z] >>> [apiv2][body] POST https://firebase.googleapis.com/v1/projects:checkProjectId {"proposedId":"toek-new-react-app-1997"}
[debug] [2025-09-21T19:16:17.747Z] <<< [apiv2][status] POST https://firebase.googleapis.com/v1/projects:checkProjectId 200
[debug] [2025-09-21T19:16:17.748Z] <<< [apiv2][body] POST https://firebase.googleapis.com/v1/projects:checkProjectId {"projectIdStatus":"PROJECT_ID_AVAILABLE","suggestedProjectId":"toek-new-react-app-1997"}
[debug] [2025-09-21T19:16:20.206Z] Checked if tokens are valid: true, expires at: 1758485389825
[debug] [2025-09-21T19:16:20.206Z] Checked if tokens are valid: true, expires at: 1758485389825
[debug] [2025-09-21T19:16:20.207Z] >>> [apiv2][query] POST https://cloudresourcemanager.googleapis.com/v1/projects [none]
[debug] [2025-09-21T19:16:20.207Z] >>> [apiv2][body] POST https://cloudresourcemanager.googleapis.com/v1/projects {"projectId":"toek-new-react-app-1997","name":"toek-new-react-app-1997"}
[debug] [2025-09-21T19:16:21.825Z] <<< [apiv2][status] POST https://cloudresourcemanager.googleapis.com/v1/projects 200
[debug] [2025-09-21T19:16:21.826Z] <<< [apiv2][body] POST https://cloudresourcemanager.googleapis.com/v1/projects {"name":"operations/create_project.global.5406581489402776406"}
[debug] [2025-09-21T19:16:21.828Z] Checked if tokens are valid: true, expires at: 1758485389825
[debug] [2025-09-21T19:16:21.828Z] Checked if tokens are valid: true, expires at: 1758485389825
[debug] [2025-09-21T19:16:21.829Z] >>> [apiv2][query] GET https://cloudresourcemanager.googleapis.com/v1/operations/create_project.global.5406581489402776406 [none]
[debug] [2025-09-21T19:16:23.344Z] <<< [apiv2][status] GET https://cloudresourcemanager.googleapis.com/v1/operations/create_project.global.5406581489402776406 200
[debug] [2025-09-21T19:16:23.345Z] <<< [apiv2][body] GET https://cloudresourcemanager.googleapis.com/v1/operations/create_project.global.5406581489402776406 {"name":"operations/create_project.global.5406581489402776406","metadata":{"@type":"type.googleapis.com/google.cloudresourcemanager.v1.ProjectCreationStatus","gettable":true,"ready":true},"done":true,"response":{"@type":"type.googleapis.com/google.cloudresourcemanager.v1.Project","projectNumber":"905111770543","projectId":"toek-new-react-app-1997","lifecycleState":"ACTIVE","name":"toek-new-react-app-1997","createTime":"2025-09-21T19:16:22.681350Z"}}
[debug] [2025-09-21T19:16:23.347Z] Checked if tokens are valid: true, expires at: 1758485389825
[debug] [2025-09-21T19:16:23.347Z] Checked if tokens are valid: true, expires at: 1758485389825
[debug] [2025-09-21T19:16:23.347Z] >>> [apiv2][query] POST https://firebase.googleapis.com/v1beta1/projects/toek-new-react-app-1997:addFirebase [none]
[debug] [2025-09-21T19:16:25.047Z] <<< [apiv2][status] POST https://firebase.googleapis.com/v1beta1/projects/toek-new-react-app-1997:addFirebase 403
[debug] [2025-09-21T19:16:25.047Z] <<< [apiv2][body] POST https://firebase.googleapis.com/v1beta1/projects/toek-new-react-app-1997:addFirebase {"error":{"code":403,"message":"The caller does not have permission","status":"PERMISSION_DENIED"}}
[debug] [2025-09-21T19:16:25.049Z] Request to https://firebase.googleapis.com/v1beta1/projects/toek-new-react-app-1997:addFirebase had HTTP Error: 403, The caller does not have permission
[debug] [2025-09-21T19:16:25.634Z] FirebaseError: Request to https://firebase.googleapis.com/v1beta1/projects/toek-new-react-app-1997:addFirebase had HTTP Error: 403, The caller does not have permission
    at responseToError (/usr/local/lib/node_modules/firebase-tools/lib/responseToError.js:52:12)
    at RetryOperation._fn (/usr/local/lib/node_modules/firebase-tools/lib/apiv2.js:312:77)
    at process.processTicksAndRejections (node:internal/process/task_queues:105:5)
[error] 
[error] Error: Failed to add Firebase to Google Cloud Platform project. See firebase-debug.log for more info.
